2024-08-03 17:08:58 INFO  c.e.ecommerce.EcommerceApplication - Starting EcommerceApplication using Java 17.0.8 with PID 27572 (C:\Microspace\ecommerce\target\classes started by atifk in C:\Microspace\ecommerce)
2024-08-03 17:08:58 INFO  c.e.ecommerce.EcommerceApplication - No active profile set, falling back to 1 default profile: "default"
2024-08-03 17:08:58 INFO  o.s.d.r.c.RepositoryConfigurationDelegate - Bootstrapping Spring Data JPA repositories in DEFAULT mode.
2024-08-03 17:08:58 INFO  o.s.d.r.c.RepositoryConfigurationDelegate - Finished Spring Data repository scanning in 19 ms. Found 3 JPA repository interfaces.
2024-08-03 17:08:58 INFO  o.s.b.w.e.tomcat.TomcatWebServer - Tomcat initialized with port 8080 (http)
2024-08-03 17:08:58 INFO  o.a.catalina.core.StandardService - Starting service [Tomcat]
2024-08-03 17:08:58 INFO  o.a.catalina.core.StandardEngine - Starting Servlet engine: [Apache Tomcat/10.1.26]
2024-08-03 17:08:59 INFO  o.a.c.c.C.[Tomcat-4].[localhost].[/] - Initializing Spring embedded WebApplicationContext
2024-08-03 17:08:59 INFO  o.s.b.w.s.c.ServletWebServerApplicationContext - Root WebApplicationContext: initialization completed in 403 ms
2024-08-03 17:08:59 INFO  o.h.jpa.internal.util.LogHelper - HHH000204: Processing PersistenceUnitInfo [name: default]
2024-08-03 17:08:59 INFO  o.h.c.i.RegionFactoryInitiator - HHH000026: Second-level cache disabled
2024-08-03 17:08:59 INFO  o.s.o.j.p.SpringPersistenceUnitInfo - No LoadTimeWeaver setup: ignoring JPA class transformer
2024-08-03 17:08:59 INFO  com.zaxxer.hikari.HikariDataSource - HikariPool-9 - Starting...
2024-08-03 17:08:59 INFO  com.zaxxer.hikari.pool.HikariPool - HikariPool-9 - Added connection com.mysql.cj.jdbc.ConnectionImpl@7ddd2bf8
2024-08-03 17:08:59 INFO  com.zaxxer.hikari.HikariDataSource - HikariPool-9 - Start completed.
2024-08-03 17:08:59 WARN  org.hibernate.orm.deprecation - HHH90000025: MySQL8Dialect does not need to be specified explicitly using 'hibernate.dialect' (remove the property setting and it will be selected by default)
2024-08-03 17:08:59 WARN  org.hibernate.orm.deprecation - HHH90000026: MySQL8Dialect has been deprecated; use org.hibernate.dialect.MySQLDialect instead
2024-08-03 17:08:59 INFO  o.h.e.t.j.p.i.JtaPlatformInitiator - HHH000489: No JTA platform available (set 'hibernate.transaction.jta.platform' to enable JTA platform integration)
2024-08-03 17:08:59 INFO  o.s.o.j.LocalContainerEntityManagerFactoryBean - Initialized JPA EntityManagerFactory for persistence unit 'default'
2024-08-03 17:08:59 WARN  o.s.b.a.o.j.JpaBaseConfiguration$JpaWebConfiguration - spring.jpa.open-in-view is enabled by default. Therefore, database queries may be performed during view rendering. Explicitly configure spring.jpa.open-in-view to disable this warning
2024-08-03 17:08:59 INFO  o.s.b.d.a.OptionalLiveReloadServer - LiveReload server is running on port 35729
2024-08-03 17:08:59 INFO  o.s.b.w.e.tomcat.TomcatWebServer - Tomcat started on port 8080 (http) with context path ''
2024-08-03 17:08:59 INFO  c.e.ecommerce.EcommerceApplication - Started EcommerceApplication in 0.863 seconds (process running for 2129.146)
2024-08-03 17:08:59 INFO  o.s.b.d.a.ConditionEvaluationDeltaLoggingListener - Condition evaluation unchanged
2024-08-03 17:09:13 INFO  o.s.b.d.a.LocalDevToolsAutoConfiguration$RestartingClassPathChangeChangedEventListener - Restarting due to 1 class path change (0 additions, 0 deletions, 1 modification)
2024-08-03 17:09:13 INFO  o.s.o.j.LocalContainerEntityManagerFactoryBean - Closing JPA EntityManagerFactory for persistence unit 'default'
2024-08-03 17:09:13 INFO  com.zaxxer.hikari.HikariDataSource - HikariPool-9 - Shutdown initiated...
2024-08-03 17:09:13 INFO  com.zaxxer.hikari.HikariDataSource - HikariPool-9 - Shutdown completed.
2024-08-03 17:09:13 INFO  c.e.ecommerce.EcommerceApplication - Starting EcommerceApplication using Java 17.0.8 with PID 27572 (C:\Microspace\ecommerce\target\classes started by atifk in C:\Microspace\ecommerce)
2024-08-03 17:09:13 DEBUG c.e.ecommerce.EcommerceApplication - Running with Spring Boot v3.2.8, Spring v6.1.11
2024-08-03 17:09:13 INFO  c.e.ecommerce.EcommerceApplication - No active profile set, falling back to 1 default profile: "default"
2024-08-03 17:09:13 INFO  o.s.d.r.c.RepositoryConfigurationDelegate - Bootstrapping Spring Data JPA repositories in DEFAULT mode.
2024-08-03 17:09:13 INFO  o.s.d.r.c.RepositoryConfigurationDelegate - Finished Spring Data repository scanning in 15 ms. Found 3 JPA repository interfaces.
2024-08-03 17:09:13 INFO  o.s.b.w.e.tomcat.TomcatWebServer - Tomcat initialized with port 8080 (http)
2024-08-03 17:09:13 INFO  o.a.catalina.core.StandardService - Starting service [Tomcat]
2024-08-03 17:09:13 INFO  o.a.catalina.core.StandardEngine - Starting Servlet engine: [Apache Tomcat/10.1.26]
2024-08-03 17:09:14 INFO  o.a.c.c.C.[Tomcat-4].[localhost].[/] - Initializing Spring embedded WebApplicationContext
2024-08-03 17:09:14 INFO  o.s.b.w.s.c.ServletWebServerApplicationContext - Root WebApplicationContext: initialization completed in 300 ms
2024-08-03 17:09:14 INFO  o.h.jpa.internal.util.LogHelper - HHH000204: Processing PersistenceUnitInfo [name: default]
2024-08-03 17:09:14 INFO  o.h.c.i.RegionFactoryInitiator - HHH000026: Second-level cache disabled
2024-08-03 17:09:14 INFO  o.s.o.j.p.SpringPersistenceUnitInfo - No LoadTimeWeaver setup: ignoring JPA class transformer
2024-08-03 17:09:14 INFO  com.zaxxer.hikari.HikariDataSource - HikariPool-10 - Starting...
2024-08-03 17:09:14 INFO  com.zaxxer.hikari.pool.HikariPool - HikariPool-10 - Added connection com.mysql.cj.jdbc.ConnectionImpl@1774e6cf
2024-08-03 17:09:14 INFO  com.zaxxer.hikari.HikariDataSource - HikariPool-10 - Start completed.
2024-08-03 17:09:14 WARN  org.hibernate.orm.deprecation - HHH90000025: MySQL8Dialect does not need to be specified explicitly using 'hibernate.dialect' (remove the property setting and it will be selected by default)
2024-08-03 17:09:14 WARN  org.hibernate.orm.deprecation - HHH90000026: MySQL8Dialect has been deprecated; use org.hibernate.dialect.MySQLDialect instead
2024-08-03 17:09:14 INFO  o.h.e.t.j.p.i.JtaPlatformInitiator - HHH000489: No JTA platform available (set 'hibernate.transaction.jta.platform' to enable JTA platform integration)
2024-08-03 17:09:14 INFO  o.s.o.j.LocalContainerEntityManagerFactoryBean - Initialized JPA EntityManagerFactory for persistence unit 'default'
2024-08-03 17:09:14 WARN  o.s.b.a.o.j.JpaBaseConfiguration$JpaWebConfiguration - spring.jpa.open-in-view is enabled by default. Therefore, database queries may be performed during view rendering. Explicitly configure spring.jpa.open-in-view to disable this warning
2024-08-03 17:09:14 INFO  o.s.b.d.a.OptionalLiveReloadServer - LiveReload server is running on port 35729
2024-08-03 17:09:14 INFO  o.s.b.w.e.tomcat.TomcatWebServer - Tomcat started on port 8080 (http) with context path ''
2024-08-03 17:09:14 INFO  c.e.ecommerce.EcommerceApplication - Started EcommerceApplication in 0.704 seconds (process running for 2144.134)
2024-08-03 17:09:14 INFO  o.s.b.d.a.ConditionEvaluationDeltaLoggingListener - Condition evaluation unchanged
2024-08-03 17:10:00 INFO  c.e.ecommerce.EcommerceApplication - Starting EcommerceApplication using Java 17.0.8 with PID 14828 (C:\Microspace\ecommerce\target\classes started by atifk in C:\Microspace\ecommerce)
2024-08-03 17:10:00 DEBUG c.e.ecommerce.EcommerceApplication - Running with Spring Boot v3.2.8, Spring v6.1.11
2024-08-03 17:10:00 INFO  c.e.ecommerce.EcommerceApplication - No active profile set, falling back to 1 default profile: "default"
2024-08-03 17:10:00 INFO  o.s.b.d.e.DevToolsPropertyDefaultsPostProcessor - Devtools property defaults active! Set 'spring.devtools.add-properties' to 'false' to disable
2024-08-03 17:10:00 INFO  o.s.b.d.e.DevToolsPropertyDefaultsPostProcessor - For additional web related logging consider setting the 'logging.level.web' property to 'DEBUG'
2024-08-03 17:10:01 INFO  o.s.d.r.c.RepositoryConfigurationDelegate - Bootstrapping Spring Data JPA repositories in DEFAULT mode.
2024-08-03 17:10:02 INFO  o.s.d.r.c.RepositoryConfigurationDelegate - Finished Spring Data repository scanning in 93 ms. Found 3 JPA repository interfaces.
2024-08-03 17:10:03 INFO  o.s.b.w.e.tomcat.TomcatWebServer - Tomcat initialized with port 8080 (http)
2024-08-03 17:10:03 INFO  o.a.coyote.http11.Http11NioProtocol - Initializing ProtocolHandler ["http-nio-8080"]
2024-08-03 17:10:03 INFO  o.a.catalina.core.StandardService - Starting service [Tomcat]
2024-08-03 17:10:03 INFO  o.a.catalina.core.StandardEngine - Starting Servlet engine: [Apache Tomcat/10.1.26]
2024-08-03 17:10:03 INFO  o.a.c.c.C.[Tomcat].[localhost].[/] - Initializing Spring embedded WebApplicationContext
2024-08-03 17:10:03 INFO  o.s.b.w.s.c.ServletWebServerApplicationContext - Root WebApplicationContext: initialization completed in 3143 ms
2024-08-03 17:10:04 INFO  o.h.jpa.internal.util.LogHelper - HHH000204: Processing PersistenceUnitInfo [name: default]
2024-08-03 17:10:04 INFO  org.hibernate.Version - HHH000412: Hibernate ORM core version 6.4.9.Final
2024-08-03 17:10:04 INFO  o.h.c.i.RegionFactoryInitiator - HHH000026: Second-level cache disabled
2024-08-03 17:10:04 INFO  o.s.o.j.p.SpringPersistenceUnitInfo - No LoadTimeWeaver setup: ignoring JPA class transformer
2024-08-03 17:10:04 INFO  com.zaxxer.hikari.HikariDataSource - HikariPool-1 - Starting...
2024-08-03 17:10:05 INFO  com.zaxxer.hikari.pool.HikariPool - HikariPool-1 - Added connection com.mysql.cj.jdbc.ConnectionImpl@3e00947b
2024-08-03 17:10:05 INFO  com.zaxxer.hikari.HikariDataSource - HikariPool-1 - Start completed.
2024-08-03 17:10:05 WARN  org.hibernate.orm.deprecation - HHH90000025: MySQL8Dialect does not need to be specified explicitly using 'hibernate.dialect' (remove the property setting and it will be selected by default)
2024-08-03 17:10:05 WARN  org.hibernate.orm.deprecation - HHH90000026: MySQL8Dialect has been deprecated; use org.hibernate.dialect.MySQLDialect instead
2024-08-03 17:10:06 INFO  o.h.e.t.j.p.i.JtaPlatformInitiator - HHH000489: No JTA platform available (set 'hibernate.transaction.jta.platform' to enable JTA platform integration)
2024-08-03 17:10:06 INFO  o.s.o.j.LocalContainerEntityManagerFactoryBean - Initialized JPA EntityManagerFactory for persistence unit 'default'
2024-08-03 17:10:06 WARN  o.s.b.a.o.j.JpaBaseConfiguration$JpaWebConfiguration - spring.jpa.open-in-view is enabled by default. Therefore, database queries may be performed during view rendering. Explicitly configure spring.jpa.open-in-view to disable this warning
2024-08-03 17:10:07 INFO  o.s.b.d.a.OptionalLiveReloadServer - LiveReload server is running on port 35729
2024-08-03 17:10:07 INFO  o.a.coyote.http11.Http11NioProtocol - Starting ProtocolHandler ["http-nio-8080"]
2024-08-03 17:10:07 INFO  o.s.b.w.e.tomcat.TomcatWebServer - Tomcat started on port 8080 (http) with context path ''
2024-08-03 17:10:07 INFO  c.e.ecommerce.EcommerceApplication - Started EcommerceApplication in 8.507 seconds (process running for 9.312)
2024-08-03 17:10:38 INFO  o.a.c.c.C.[Tomcat].[localhost].[/] - Initializing Spring DispatcherServlet 'dispatcherServlet'
2024-08-03 17:10:38 INFO  o.s.web.servlet.DispatcherServlet - Initializing Servlet 'dispatcherServlet'
2024-08-03 17:10:38 INFO  o.s.web.servlet.DispatcherServlet - Completed initialization in 4 ms
2024-08-03 17:10:38 INFO  c.e.e.controller.UserController - Fetching details for user with id  1
2024-08-03 17:12:05 INFO  c.e.e.controller.UserController - Fetching details for user with id  3
2024-08-03 17:12:24 INFO  c.e.e.controller.UserController - Fetching details for user with id  2
2024-08-03 17:13:44 INFO  o.s.b.d.a.LocalDevToolsAutoConfiguration$RestartingClassPathChangeChangedEventListener - Restarting due to 3 class path changes (0 additions, 0 deletions, 3 modifications)
2024-08-03 17:13:44 INFO  o.a.coyote.http11.Http11NioProtocol - Stopping ProtocolHandler ["http-nio-8080"]
2024-08-03 17:13:45 INFO  o.s.o.j.LocalContainerEntityManagerFactoryBean - Closing JPA EntityManagerFactory for persistence unit 'default'
2024-08-03 17:13:45 INFO  com.zaxxer.hikari.HikariDataSource - HikariPool-1 - Shutdown initiated...
2024-08-03 17:13:45 INFO  com.zaxxer.hikari.HikariDataSource - HikariPool-1 - Shutdown completed.
2024-08-03 17:13:45 INFO  c.e.ecommerce.EcommerceApplication - Starting EcommerceApplication using Java 17.0.8 with PID 14828 (C:\Microspace\ecommerce\target\classes started by atifk in C:\Microspace\ecommerce)
2024-08-03 17:13:45 DEBUG c.e.ecommerce.EcommerceApplication - Running with Spring Boot v3.2.8, Spring v6.1.11
2024-08-03 17:13:45 INFO  c.e.ecommerce.EcommerceApplication - No active profile set, falling back to 1 default profile: "default"
2024-08-03 17:13:45 INFO  o.s.d.r.c.RepositoryConfigurationDelegate - Bootstrapping Spring Data JPA repositories in DEFAULT mode.
2024-08-03 17:13:45 INFO  o.s.d.r.c.RepositoryConfigurationDelegate - Finished Spring Data repository scanning in 29 ms. Found 3 JPA repository interfaces.
2024-08-03 17:13:46 INFO  o.s.b.w.e.tomcat.TomcatWebServer - Tomcat initialized with port 8080 (http)
2024-08-03 17:13:46 INFO  o.a.coyote.http11.Http11NioProtocol - Initializing ProtocolHandler ["http-nio-8080"]
2024-08-03 17:13:46 INFO  o.a.catalina.core.StandardService - Starting service [Tomcat]
2024-08-03 17:13:46 INFO  o.a.catalina.core.StandardEngine - Starting Servlet engine: [Apache Tomcat/10.1.26]
2024-08-03 17:13:46 INFO  o.a.c.c.C.[Tomcat].[localhost].[/] - Initializing Spring embedded WebApplicationContext
2024-08-03 17:13:46 INFO  o.s.b.w.s.c.ServletWebServerApplicationContext - Root WebApplicationContext: initialization completed in 658 ms
2024-08-03 17:13:46 INFO  o.h.jpa.internal.util.LogHelper - HHH000204: Processing PersistenceUnitInfo [name: default]
2024-08-03 17:13:46 INFO  o.h.c.i.RegionFactoryInitiator - HHH000026: Second-level cache disabled
2024-08-03 17:13:46 INFO  o.s.o.j.p.SpringPersistenceUnitInfo - No LoadTimeWeaver setup: ignoring JPA class transformer
2024-08-03 17:13:46 INFO  com.zaxxer.hikari.HikariDataSource - HikariPool-2 - Starting...
2024-08-03 17:13:46 INFO  com.zaxxer.hikari.pool.HikariPool - HikariPool-2 - Added connection com.mysql.cj.jdbc.ConnectionImpl@1b04a953
2024-08-03 17:13:46 INFO  com.zaxxer.hikari.HikariDataSource - HikariPool-2 - Start completed.
2024-08-03 17:13:46 WARN  org.hibernate.orm.deprecation - HHH90000025: MySQL8Dialect does not need to be specified explicitly using 'hibernate.dialect' (remove the property setting and it will be selected by default)
2024-08-03 17:13:46 WARN  org.hibernate.orm.deprecation - HHH90000026: MySQL8Dialect has been deprecated; use org.hibernate.dialect.MySQLDialect instead
2024-08-03 17:13:46 INFO  o.h.e.t.j.p.i.JtaPlatformInitiator - HHH000489: No JTA platform available (set 'hibernate.transaction.jta.platform' to enable JTA platform integration)
2024-08-03 17:13:46 INFO  o.s.o.j.LocalContainerEntityManagerFactoryBean - Initialized JPA EntityManagerFactory for persistence unit 'default'
2024-08-03 17:13:46 WARN  o.s.b.a.o.j.JpaBaseConfiguration$JpaWebConfiguration - spring.jpa.open-in-view is enabled by default. Therefore, database queries may be performed during view rendering. Explicitly configure spring.jpa.open-in-view to disable this warning
2024-08-03 17:13:46 INFO  o.s.b.d.a.OptionalLiveReloadServer - LiveReload server is running on port 35729
2024-08-03 17:13:46 INFO  o.a.coyote.http11.Http11NioProtocol - Starting ProtocolHandler ["http-nio-8080"]
2024-08-03 17:13:46 INFO  o.s.b.w.e.tomcat.TomcatWebServer - Tomcat started on port 8080 (http) with context path ''
2024-08-03 17:13:46 INFO  c.e.ecommerce.EcommerceApplication - Started EcommerceApplication in 1.48 seconds (process running for 228.291)
2024-08-03 17:13:46 INFO  o.s.b.d.a.ConditionEvaluationDeltaLoggingListener - Condition evaluation unchanged
2024-08-03 17:14:23 INFO  o.s.b.d.a.LocalDevToolsAutoConfiguration$RestartingClassPathChangeChangedEventListener - Restarting due to 1 class path change (0 additions, 0 deletions, 1 modification)
2024-08-03 17:14:23 INFO  o.a.coyote.http11.Http11NioProtocol - Stopping ProtocolHandler ["http-nio-8080"]
2024-08-03 17:14:23 INFO  o.s.o.j.LocalContainerEntityManagerFactoryBean - Closing JPA EntityManagerFactory for persistence unit 'default'
2024-08-03 17:14:23 INFO  com.zaxxer.hikari.HikariDataSource - HikariPool-2 - Shutdown initiated...
2024-08-03 17:14:23 INFO  com.zaxxer.hikari.HikariDataSource - HikariPool-2 - Shutdown completed.
2024-08-03 17:14:23 INFO  c.e.ecommerce.EcommerceApplication - Starting EcommerceApplication using Java 17.0.8 with PID 14828 (C:\Microspace\ecommerce\target\classes started by atifk in C:\Microspace\ecommerce)
2024-08-03 17:14:23 DEBUG c.e.ecommerce.EcommerceApplication - Running with Spring Boot v3.2.8, Spring v6.1.11
2024-08-03 17:14:23 INFO  c.e.ecommerce.EcommerceApplication - No active profile set, falling back to 1 default profile: "default"
2024-08-03 17:14:24 INFO  o.s.d.r.c.RepositoryConfigurationDelegate - Bootstrapping Spring Data JPA repositories in DEFAULT mode.
2024-08-03 17:14:24 INFO  o.s.d.r.c.RepositoryConfigurationDelegate - Finished Spring Data repository scanning in 27 ms. Found 3 JPA repository interfaces.
2024-08-03 17:14:24 INFO  o.s.b.w.e.tomcat.TomcatWebServer - Tomcat initialized with port 8080 (http)
2024-08-03 17:14:24 INFO  o.a.coyote.http11.Http11NioProtocol - Initializing ProtocolHandler ["http-nio-8080"]
2024-08-03 17:14:24 INFO  o.a.catalina.core.StandardService - Starting service [Tomcat]
2024-08-03 17:14:24 INFO  o.a.catalina.core.StandardEngine - Starting Servlet engine: [Apache Tomcat/10.1.26]
2024-08-03 17:14:24 INFO  o.a.c.c.C.[Tomcat].[localhost].[/] - Initializing Spring embedded WebApplicationContext
2024-08-03 17:14:24 INFO  o.s.b.w.s.c.ServletWebServerApplicationContext - Root WebApplicationContext: initialization completed in 620 ms
2024-08-03 17:14:24 INFO  o.h.jpa.internal.util.LogHelper - HHH000204: Processing PersistenceUnitInfo [name: default]
2024-08-03 17:14:24 INFO  o.h.c.i.RegionFactoryInitiator - HHH000026: Second-level cache disabled
2024-08-03 17:14:24 INFO  o.s.o.j.p.SpringPersistenceUnitInfo - No LoadTimeWeaver setup: ignoring JPA class transformer
2024-08-03 17:14:24 INFO  com.zaxxer.hikari.HikariDataSource - HikariPool-3 - Starting...
2024-08-03 17:14:24 INFO  com.zaxxer.hikari.pool.HikariPool - HikariPool-3 - Added connection com.mysql.cj.jdbc.ConnectionImpl@37763509
2024-08-03 17:14:24 INFO  com.zaxxer.hikari.HikariDataSource - HikariPool-3 - Start completed.
2024-08-03 17:14:24 WARN  org.hibernate.orm.deprecation - HHH90000025: MySQL8Dialect does not need to be specified explicitly using 'hibernate.dialect' (remove the property setting and it will be selected by default)
2024-08-03 17:14:24 WARN  org.hibernate.orm.deprecation - HHH90000026: MySQL8Dialect has been deprecated; use org.hibernate.dialect.MySQLDialect instead
2024-08-03 17:14:24 INFO  o.h.e.t.j.p.i.JtaPlatformInitiator - HHH000489: No JTA platform available (set 'hibernate.transaction.jta.platform' to enable JTA platform integration)
2024-08-03 17:14:24 INFO  o.s.o.j.LocalContainerEntityManagerFactoryBean - Initialized JPA EntityManagerFactory for persistence unit 'default'
2024-08-03 17:14:24 WARN  o.s.b.a.o.j.JpaBaseConfiguration$JpaWebConfiguration - spring.jpa.open-in-view is enabled by default. Therefore, database queries may be performed during view rendering. Explicitly configure spring.jpa.open-in-view to disable this warning
2024-08-03 17:14:24 INFO  o.s.b.d.a.OptionalLiveReloadServer - LiveReload server is running on port 35729
2024-08-03 17:14:24 INFO  o.a.coyote.http11.Http11NioProtocol - Starting ProtocolHandler ["http-nio-8080"]
2024-08-03 17:14:24 INFO  o.s.b.w.e.tomcat.TomcatWebServer - Tomcat started on port 8080 (http) with context path ''
2024-08-03 17:14:24 INFO  c.e.ecommerce.EcommerceApplication - Started EcommerceApplication in 1.321 seconds (process running for 266.375)
2024-08-03 17:14:24 INFO  o.s.b.d.a.ConditionEvaluationDeltaLoggingListener - Condition evaluation unchanged
2024-08-03 17:14:51 INFO  o.s.b.d.a.LocalDevToolsAutoConfiguration$RestartingClassPathChangeChangedEventListener - Restarting due to 1 class path change (0 additions, 0 deletions, 1 modification)
2024-08-03 17:14:51 INFO  o.a.coyote.http11.Http11NioProtocol - Stopping ProtocolHandler ["http-nio-8080"]
2024-08-03 17:14:51 INFO  o.s.o.j.LocalContainerEntityManagerFactoryBean - Closing JPA EntityManagerFactory for persistence unit 'default'
2024-08-03 17:14:51 INFO  com.zaxxer.hikari.HikariDataSource - HikariPool-3 - Shutdown initiated...
2024-08-03 17:14:51 INFO  com.zaxxer.hikari.HikariDataSource - HikariPool-3 - Shutdown completed.
2024-08-03 17:14:51 INFO  c.e.ecommerce.EcommerceApplication - Starting EcommerceApplication using Java 17.0.8 with PID 14828 (C:\Microspace\ecommerce\target\classes started by atifk in C:\Microspace\ecommerce)
2024-08-03 17:14:51 DEBUG c.e.ecommerce.EcommerceApplication - Running with Spring Boot v3.2.8, Spring v6.1.11
2024-08-03 17:14:51 INFO  c.e.ecommerce.EcommerceApplication - No active profile set, falling back to 1 default profile: "default"
2024-08-03 17:14:52 INFO  c.e.ecommerce.EcommerceApplication - Started EcommerceApplication in 1.247 seconds (process running for 294.184)
2024-08-03 23:33:33 INFO  c.e.e.controller.UserController - Fetching details for user with id  3
2024-08-03 23:33:34 INFO  c.e.e.controller.UserController - Fetching details for user with id  3
